2018-01-09 09:59:01 [main] DEBUG c.j.j.internal.path.CompiledPath - Evaluating path: $
2018-01-09 09:59:01 [main] DEBUG c.j.j.internal.path.CompiledPath - Evaluating path: $[0]['circleName']
2018-01-09 09:59:01 [main] DEBUG c.j.j.internal.path.CompiledPath - Evaluating path: $[0]['creatorId']
2018-01-09 09:59:01 [main] DEBUG c.j.j.internal.path.CompiledPath - Evaluating path: $[1]['circleName']
2018-01-09 09:59:01 [main] DEBUG c.j.j.internal.path.CompiledPath - Evaluating path: $[1]['creatorId']
2018-01-09 09:59:01 [main] DEBUG c.j.j.internal.path.CompiledPath - Evaluating path: $['username']
2018-01-09 09:59:01 [main] DEBUG c.j.j.internal.path.CompiledPath - Evaluating path: $['password']
2018-01-09 09:59:01 [main] DEBUG c.j.j.internal.path.CompiledPath - Evaluating path: $['circleName']
2018-01-09 09:59:01 [main] DEBUG c.j.j.internal.path.CompiledPath - Evaluating path: $['creatorId']
2018-01-09 09:59:02 [main] DEBUG c.j.j.internal.path.CompiledPath - Evaluating path: $['username']
2018-01-09 09:59:02 [main] DEBUG c.j.j.internal.path.CompiledPath - Evaluating path: $['password']
2018-01-09 09:59:02 [main] DEBUG c.j.j.internal.path.CompiledPath - Evaluating path: $['username']
2018-01-09 09:59:02 [main] DEBUG c.j.j.internal.path.CompiledPath - Evaluating path: $['password']
2018-01-09 09:59:02 [main] DEBUG c.j.j.internal.path.CompiledPath - Evaluating path: $['username']
2018-01-09 09:59:02 [main] DEBUG c.j.j.internal.path.CompiledPath - Evaluating path: $['password']
2018-01-09 09:59:03 [main] DEBUG c.j.j.internal.path.CompiledPath - Evaluating path: $['username']
2018-01-09 09:59:03 [main] DEBUG c.j.j.internal.path.CompiledPath - Evaluating path: $['password']
2018-01-09 09:59:03 [main] DEBUG c.j.j.internal.path.CompiledPath - Evaluating path: $['username']
2018-01-09 09:59:03 [main] DEBUG c.j.j.internal.path.CompiledPath - Evaluating path: $['password']
2018-01-09 09:59:03 [main] DEBUG c.j.j.internal.path.CompiledPath - Evaluating path: $['username']
2018-01-09 09:59:03 [main] DEBUG c.j.j.internal.path.CompiledPath - Evaluating path: $['password']
2018-01-09 09:59:03 [main] DEBUG c.j.j.internal.path.CompiledPath - Evaluating path: $['username']
2018-01-09 09:59:03 [main] DEBUG c.j.j.internal.path.CompiledPath - Evaluating path: $['password']
2018-01-09 09:59:04 [main] DEBUG c.j.j.internal.path.CompiledPath - Evaluating path: $['username']
2018-01-09 09:59:04 [main] DEBUG c.j.j.internal.path.CompiledPath - Evaluating path: $['password']
2018-01-09 09:59:04 [main] DEBUG c.j.j.internal.path.CompiledPath - Evaluating path: $['username']
2018-01-09 09:59:04 [main] DEBUG c.j.j.internal.path.CompiledPath - Evaluating path: $['password']
