2018-01-09 09:58:52 [main] DEBUG c.j.j.internal.path.CompiledPath - Evaluating path: $['username']
2018-01-09 09:58:52 [main] DEBUG c.j.j.internal.path.CompiledPath - Evaluating path: $['password']
2018-01-09 09:58:52 [main] DEBUG c.j.j.internal.path.CompiledPath - Evaluating path: $['username']
2018-01-09 09:58:52 [main] DEBUG c.j.j.internal.path.CompiledPath - Evaluating path: $['name']
2018-01-09 09:58:52 [main] DEBUG c.j.j.internal.path.CompiledPath - Evaluating path: $['password']
2018-01-09 09:58:52 [main] DEBUG c.j.j.internal.path.CompiledPath - Evaluating path: $['username']
2018-01-09 09:58:52 [main] DEBUG c.j.j.internal.path.CompiledPath - Evaluating path: $['password']
2018-01-09 09:58:52 [main] DEBUG c.j.j.internal.path.CompiledPath - Evaluating path: $
2018-01-09 09:58:52 [main] DEBUG c.j.j.internal.path.CompiledPath - Evaluating path: $[0]['username']
2018-01-09 09:58:52 [main] DEBUG c.j.j.internal.path.CompiledPath - Evaluating path: $[0]['name']
2018-01-09 09:58:52 [main] DEBUG c.j.j.internal.path.CompiledPath - Evaluating path: $[0]['password']
2018-01-09 09:58:52 [main] DEBUG c.j.j.internal.path.CompiledPath - Evaluating path: $[1]['username']
2018-01-09 09:58:52 [main] DEBUG c.j.j.internal.path.CompiledPath - Evaluating path: $[1]['name']
2018-01-09 09:58:52 [main] DEBUG c.j.j.internal.path.CompiledPath - Evaluating path: $[1]['password']
2018-01-09 09:58:53 [main] DEBUG c.j.j.internal.path.CompiledPath - Evaluating path: $['username']
2018-01-09 09:58:53 [main] DEBUG c.j.j.internal.path.CompiledPath - Evaluating path: $['password']
2018-01-09 09:58:54 [main] DEBUG c.j.j.internal.path.CompiledPath - Evaluating path: $['username']
2018-01-09 09:58:54 [main] DEBUG c.j.j.internal.path.CompiledPath - Evaluating path: $['password']
2018-01-09 09:58:54 [main] DEBUG c.j.j.internal.path.CompiledPath - Evaluating path: $['username']
2018-01-09 09:58:54 [main] DEBUG c.j.j.internal.path.CompiledPath - Evaluating path: $['name']
2018-01-09 09:58:54 [main] DEBUG c.j.j.internal.path.CompiledPath - Evaluating path: $['password']
2018-01-09 09:58:55 [main] DEBUG c.j.j.internal.path.CompiledPath - Evaluating path: $['username']
2018-01-09 09:58:55 [main] DEBUG c.j.j.internal.path.CompiledPath - Evaluating path: $['name']
2018-01-09 09:58:55 [main] DEBUG c.j.j.internal.path.CompiledPath - Evaluating path: $['password']
2018-01-09 09:58:58 [main] DEBUG c.j.j.internal.path.CompiledPath - Evaluating path: $['username']
2018-01-09 09:58:58 [main] DEBUG c.j.j.internal.path.CompiledPath - Evaluating path: $['password']
2018-01-09 09:58:58 [main] DEBUG c.j.j.internal.path.CompiledPath - Evaluating path: $['username']
2018-01-09 09:58:58 [main] DEBUG c.j.j.internal.path.CompiledPath - Evaluating path: $['password']
2018-01-09 09:58:58 [main] DEBUG c.j.j.internal.path.CompiledPath - Evaluating path: $
2018-01-09 09:58:58 [main] DEBUG c.j.j.internal.path.CompiledPath - Evaluating path: $[0]
2018-01-09 09:58:58 [main] DEBUG c.j.j.internal.path.CompiledPath - Evaluating path: $[1]
2018-01-09 09:58:58 [main] DEBUG c.j.j.internal.path.CompiledPath - Evaluating path: $[2]
2018-01-09 09:58:58 [main] DEBUG c.j.j.internal.path.CompiledPath - Evaluating path: $['username']
2018-01-09 09:58:58 [main] DEBUG c.j.j.internal.path.CompiledPath - Evaluating path: $['password']
2018-01-09 09:58:58 [main] DEBUG c.j.j.internal.path.CompiledPath - Evaluating path: $['username']
2018-01-09 09:58:58 [main] DEBUG c.j.j.internal.path.CompiledPath - Evaluating path: $['password']
2018-01-09 09:58:59 [main] DEBUG c.j.j.internal.path.CompiledPath - Evaluating path: $['username']
2018-01-09 09:58:59 [main] DEBUG c.j.j.internal.path.CompiledPath - Evaluating path: $['password']
2018-01-09 09:58:59 [main] DEBUG c.j.j.internal.path.CompiledPath - Evaluating path: $['username']
2018-01-09 09:58:59 [main] DEBUG c.j.j.internal.path.CompiledPath - Evaluating path: $['password']
2018-01-09 09:58:59 [main] DEBUG c.j.j.internal.path.CompiledPath - Evaluating path: $
2018-01-09 09:58:59 [main] DEBUG c.j.j.internal.path.CompiledPath - Evaluating path: $[0]['senderName']
2018-01-09 09:58:59 [main] DEBUG c.j.j.internal.path.CompiledPath - Evaluating path: $[0]['circleName']
2018-01-09 09:58:59 [main] DEBUG c.j.j.internal.path.CompiledPath - Evaluating path: $[0]['streamType']
2018-01-09 09:58:59 [main] DEBUG c.j.j.internal.path.CompiledPath - Evaluating path: $[0]['message']
2018-01-09 09:58:59 [main] DEBUG c.j.j.internal.path.CompiledPath - Evaluating path: $[0]['tag']
2018-01-09 09:58:59 [main] DEBUG c.j.j.internal.path.CompiledPath - Evaluating path: $[1]['senderName']
2018-01-09 09:58:59 [main] DEBUG c.j.j.internal.path.CompiledPath - Evaluating path: $[1]['circleName']
2018-01-09 09:58:59 [main] DEBUG c.j.j.internal.path.CompiledPath - Evaluating path: $[1]['streamType']
2018-01-09 09:58:59 [main] DEBUG c.j.j.internal.path.CompiledPath - Evaluating path: $[1]['message']
2018-01-09 09:58:59 [main] DEBUG c.j.j.internal.path.CompiledPath - Evaluating path: $[1]['tag']
2018-01-09 09:58:59 [main] DEBUG c.j.j.internal.path.CompiledPath - Evaluating path: $[2]['senderName']
2018-01-09 09:58:59 [main] DEBUG c.j.j.internal.path.CompiledPath - Evaluating path: $[2]['circleName']
2018-01-09 09:58:59 [main] DEBUG c.j.j.internal.path.CompiledPath - Evaluating path: $[2]['streamType']
2018-01-09 09:58:59 [main] DEBUG c.j.j.internal.path.CompiledPath - Evaluating path: $[2]['message']
2018-01-09 09:58:59 [main] DEBUG c.j.j.internal.path.CompiledPath - Evaluating path: $[2]['tag']
2018-01-09 09:58:59 [main] DEBUG c.j.j.internal.path.CompiledPath - Evaluating path: $['username']
2018-01-09 09:58:59 [main] DEBUG c.j.j.internal.path.CompiledPath - Evaluating path: $['password']
2018-01-09 09:58:59 [main] DEBUG c.j.j.internal.path.CompiledPath - Evaluating path: $['username']
2018-01-09 09:58:59 [main] DEBUG c.j.j.internal.path.CompiledPath - Evaluating path: $['password']
2018-01-09 09:59:00 [main] DEBUG c.j.j.internal.path.CompiledPath - Evaluating path: $['username']
2018-01-09 09:59:00 [main] DEBUG c.j.j.internal.path.CompiledPath - Evaluating path: $['password']
2018-01-09 09:59:00 [main] DEBUG c.j.j.internal.path.CompiledPath - Evaluating path: $['username']
2018-01-09 09:59:00 [main] DEBUG c.j.j.internal.path.CompiledPath - Evaluating path: $['password']
2018-01-09 09:59:00 [main] DEBUG c.j.j.internal.path.CompiledPath - Evaluating path: $['username']
2018-01-09 09:59:00 [main] DEBUG c.j.j.internal.path.CompiledPath - Evaluating path: $['password']
2018-01-09 09:59:00 [main] DEBUG c.j.j.internal.path.CompiledPath - Evaluating path: $
2018-01-09 09:59:00 [main] DEBUG c.j.j.internal.path.CompiledPath - Evaluating path: $[0]
2018-01-09 09:59:00 [main] DEBUG c.j.j.internal.path.CompiledPath - Evaluating path: $[1]
2018-01-09 09:59:00 [main] DEBUG c.j.j.internal.path.CompiledPath - Evaluating path: $['username']
2018-01-09 09:59:00 [main] DEBUG c.j.j.internal.path.CompiledPath - Evaluating path: $['password']
2018-01-09 09:59:00 [main] DEBUG c.j.j.internal.path.CompiledPath - Evaluating path: $
2018-01-09 09:59:00 [main] DEBUG c.j.j.internal.path.CompiledPath - Evaluating path: $[0]['senderName']
2018-01-09 09:59:00 [main] DEBUG c.j.j.internal.path.CompiledPath - Evaluating path: $[0]['circleName']
2018-01-09 09:59:00 [main] DEBUG c.j.j.internal.path.CompiledPath - Evaluating path: $[0]['streamType']
2018-01-09 09:59:00 [main] DEBUG c.j.j.internal.path.CompiledPath - Evaluating path: $[0]['message']
2018-01-09 09:59:00 [main] DEBUG c.j.j.internal.path.CompiledPath - Evaluating path: $[1]['senderName']
2018-01-09 09:59:00 [main] DEBUG c.j.j.internal.path.CompiledPath - Evaluating path: $[1]['circleName']
2018-01-09 09:59:00 [main] DEBUG c.j.j.internal.path.CompiledPath - Evaluating path: $[1]['streamType']
2018-01-09 09:59:00 [main] DEBUG c.j.j.internal.path.CompiledPath - Evaluating path: $[1]['message']
2018-01-09 09:59:00 [main] DEBUG c.j.j.internal.path.CompiledPath - Evaluating path: $[2]['senderName']
2018-01-09 09:59:00 [main] DEBUG c.j.j.internal.path.CompiledPath - Evaluating path: $[2]['circleName']
2018-01-09 09:59:00 [main] DEBUG c.j.j.internal.path.CompiledPath - Evaluating path: $[2]['streamType']
2018-01-09 09:59:00 [main] DEBUG c.j.j.internal.path.CompiledPath - Evaluating path: $[2]['message']
2018-01-09 09:59:00 [main] DEBUG c.j.j.internal.path.CompiledPath - Evaluating path: $['username']
2018-01-09 09:59:00 [main] DEBUG c.j.j.internal.path.CompiledPath - Evaluating path: $['password']
2018-01-09 09:59:00 [main] DEBUG c.j.j.internal.path.CompiledPath - Evaluating path: $
2018-01-09 09:59:00 [main] DEBUG c.j.j.internal.path.CompiledPath - Evaluating path: $[0]['senderName']
2018-01-09 09:59:00 [main] DEBUG c.j.j.internal.path.CompiledPath - Evaluating path: $[0]['receiverId']
2018-01-09 09:59:00 [main] DEBUG c.j.j.internal.path.CompiledPath - Evaluating path: $[0]['streamType']
2018-01-09 09:59:00 [main] DEBUG c.j.j.internal.path.CompiledPath - Evaluating path: $[0]['message']
2018-01-09 09:59:00 [main] DEBUG c.j.j.internal.path.CompiledPath - Evaluating path: $[1]['senderName']
2018-01-09 09:59:00 [main] DEBUG c.j.j.internal.path.CompiledPath - Evaluating path: $[1]['receiverId']
2018-01-09 09:59:00 [main] DEBUG c.j.j.internal.path.CompiledPath - Evaluating path: $[1]['streamType']
2018-01-09 09:59:00 [main] DEBUG c.j.j.internal.path.CompiledPath - Evaluating path: $[1]['message']
2018-01-09 09:59:00 [main] DEBUG c.j.j.internal.path.CompiledPath - Evaluating path: $[2]['senderName']
2018-01-09 09:59:00 [main] DEBUG c.j.j.internal.path.CompiledPath - Evaluating path: $[2]['receiverId']
2018-01-09 09:59:00 [main] DEBUG c.j.j.internal.path.CompiledPath - Evaluating path: $[2]['streamType']
2018-01-09 09:59:00 [main] DEBUG c.j.j.internal.path.CompiledPath - Evaluating path: $[2]['message']
2018-01-09 09:59:00 [main] DEBUG c.j.j.internal.path.CompiledPath - Evaluating path: $['username']
2018-01-09 09:59:00 [main] DEBUG c.j.j.internal.path.CompiledPath - Evaluating path: $['password']
2018-01-09 09:59:01 [main] DEBUG c.j.j.internal.path.CompiledPath - Evaluating path: $['username']
2018-01-09 09:59:01 [main] DEBUG c.j.j.internal.path.CompiledPath - Evaluating path: $['password']
2018-01-09 09:59:01 [main] DEBUG c.j.j.internal.path.CompiledPath - Evaluating path: $
2018-01-09 09:59:01 [main] DEBUG c.j.j.internal.path.CompiledPath - Evaluating path: $[0]['circleName']
2018-01-09 09:59:01 [main] DEBUG c.j.j.internal.path.CompiledPath - Evaluating path: $[0]['creatorId']
2018-01-09 09:59:01 [main] DEBUG c.j.j.internal.path.CompiledPath - Evaluating path: $[1]['circleName']
2018-01-09 09:59:01 [main] DEBUG c.j.j.internal.path.CompiledPath - Evaluating path: $[1]['creatorId']
2018-01-09 09:59:01 [main] DEBUG c.j.j.internal.path.CompiledPath - Evaluating path: $['username']
2018-01-09 09:59:01 [main] DEBUG c.j.j.internal.path.CompiledPath - Evaluating path: $['password']
